[2024-11-16 23:56:55Z INFO HostContext] No proxy settings were found based on environmental variables (http_proxy/https_proxy/HTTP_PROXY/HTTPS_PROXY)
[2024-11-16 23:56:55Z INFO HostContext] Well known directory 'Bin': '/home/hussain/Coding/Github/assignment-1-HUSSAIN1711/actions-runner/bin'
[2024-11-16 23:56:55Z INFO HostContext] Well known directory 'Root': '/home/hussain/Coding/Github/assignment-1-HUSSAIN1711/actions-runner'
[2024-11-16 23:56:55Z INFO HostContext] Well known config file 'Credentials': '/home/hussain/Coding/Github/assignment-1-HUSSAIN1711/actions-runner/.credentials'
[2024-11-16 23:56:55Z INFO HostContext] Well known directory 'Bin': '/home/hussain/Coding/Github/assignment-1-HUSSAIN1711/actions-runner/bin'
[2024-11-16 23:56:55Z INFO HostContext] Well known directory 'Root': '/home/hussain/Coding/Github/assignment-1-HUSSAIN1711/actions-runner'
[2024-11-16 23:56:55Z INFO HostContext] Well known config file 'Runner': '/home/hussain/Coding/Github/assignment-1-HUSSAIN1711/actions-runner/.runner'
[2024-11-16 23:56:55Z INFO Listener] Runner is built for Linux (X64) - linux-x64.
[2024-11-16 23:56:55Z INFO Listener] RuntimeInformation: Linux 6.8.0-48-generic #48~22.04.1-Ubuntu SMP PREEMPT_DYNAMIC Mon Oct  7 11:24:13 UTC 2.
[2024-11-16 23:56:55Z INFO Listener] Version: 2.320.0
[2024-11-16 23:56:55Z INFO Listener] Commit: 78f21670b4a58aff19b5189207f54eb2bee324d1
[2024-11-16 23:56:55Z INFO Listener] Culture: en-US
[2024-11-16 23:56:55Z INFO Listener] UI Culture: en-US
[2024-11-16 23:56:55Z INFO HostContext] Well known directory 'Bin': '/home/hussain/Coding/Github/assignment-1-HUSSAIN1711/actions-runner/bin'
[2024-11-16 23:56:55Z INFO HostContext] Well known directory 'Root': '/home/hussain/Coding/Github/assignment-1-HUSSAIN1711/actions-runner'
[2024-11-16 23:56:55Z INFO Listener] Validating directory permissions for: '/home/hussain/Coding/Github/assignment-1-HUSSAIN1711/actions-runner'
[2024-11-16 23:56:55Z INFO CommandLineParser] Parse
[2024-11-16 23:56:55Z INFO CommandLineParser] Parsing 5 args
[2024-11-16 23:56:55Z INFO CommandLineParser] parsing argument
[2024-11-16 23:56:56Z INFO CommandLineParser] HasArgs: False
[2024-11-16 23:56:56Z INFO CommandLineParser] Adding Command: configure
[2024-11-16 23:56:56Z INFO CommandLineParser] parsing argument
[2024-11-16 23:56:56Z INFO CommandLineParser] HasArgs: True
[2024-11-16 23:56:56Z INFO CommandLineParser] arg: url
[2024-11-16 23:56:56Z INFO CommandLineParser] parsing argument
[2024-11-16 23:56:56Z INFO CommandLineParser] HasArgs: True
[2024-11-16 23:56:56Z INFO CommandLineParser] Adding option 'url': 'https://github.com/cu-ecen-aeld/assignment-2-HUSSAIN1711'
[2024-11-16 23:56:56Z INFO CommandLineParser] parsing argument
[2024-11-16 23:56:56Z INFO CommandLineParser] HasArgs: True
[2024-11-16 23:56:56Z INFO CommandLineParser] arg: token
[2024-11-16 23:56:56Z INFO CommandLineParser] parsing argument
[2024-11-16 23:56:56Z INFO CommandLineParser] HasArgs: True
[2024-11-16 23:56:56Z INFO CommandLineParser] Adding option 'token': '***'
[2024-11-16 23:56:56Z INFO Listener] Arguments parsed
[2024-11-16 23:56:56Z INFO Runner] ExecuteCommand
[2024-11-16 23:56:56Z INFO ConfigurationStore] currentAssemblyLocation: /home/hussain/Coding/Github/assignment-1-HUSSAIN1711/actions-runner/bin/Runner.Listener.dll
[2024-11-16 23:56:56Z INFO HostContext] Well known directory 'Bin': '/home/hussain/Coding/Github/assignment-1-HUSSAIN1711/actions-runner/bin'
[2024-11-16 23:56:56Z INFO ConfigurationStore] binPath: /home/hussain/Coding/Github/assignment-1-HUSSAIN1711/actions-runner/bin
[2024-11-16 23:56:56Z INFO HostContext] Well known directory 'Bin': '/home/hussain/Coding/Github/assignment-1-HUSSAIN1711/actions-runner/bin'
[2024-11-16 23:56:56Z INFO HostContext] Well known directory 'Root': '/home/hussain/Coding/Github/assignment-1-HUSSAIN1711/actions-runner'
[2024-11-16 23:56:56Z INFO ConfigurationStore] RootFolder: /home/hussain/Coding/Github/assignment-1-HUSSAIN1711/actions-runner
[2024-11-16 23:56:56Z INFO HostContext] Well known directory 'Bin': '/home/hussain/Coding/Github/assignment-1-HUSSAIN1711/actions-runner/bin'
[2024-11-16 23:56:56Z INFO HostContext] Well known directory 'Root': '/home/hussain/Coding/Github/assignment-1-HUSSAIN1711/actions-runner'
[2024-11-16 23:56:56Z INFO HostContext] Well known config file 'Runner': '/home/hussain/Coding/Github/assignment-1-HUSSAIN1711/actions-runner/.runner'
[2024-11-16 23:56:56Z INFO ConfigurationStore] ConfigFilePath: /home/hussain/Coding/Github/assignment-1-HUSSAIN1711/actions-runner/.runner
[2024-11-16 23:56:56Z INFO HostContext] Well known directory 'Bin': '/home/hussain/Coding/Github/assignment-1-HUSSAIN1711/actions-runner/bin'
[2024-11-16 23:56:56Z INFO HostContext] Well known directory 'Root': '/home/hussain/Coding/Github/assignment-1-HUSSAIN1711/actions-runner'
[2024-11-16 23:56:56Z INFO HostContext] Well known config file 'Credentials': '/home/hussain/Coding/Github/assignment-1-HUSSAIN1711/actions-runner/.credentials'
[2024-11-16 23:56:56Z INFO ConfigurationStore] CredFilePath: /home/hussain/Coding/Github/assignment-1-HUSSAIN1711/actions-runner/.credentials
[2024-11-16 23:56:56Z INFO HostContext] Well known directory 'Bin': '/home/hussain/Coding/Github/assignment-1-HUSSAIN1711/actions-runner/bin'
[2024-11-16 23:56:56Z INFO HostContext] Well known directory 'Root': '/home/hussain/Coding/Github/assignment-1-HUSSAIN1711/actions-runner'
[2024-11-16 23:56:56Z INFO HostContext] Well known config file 'MigratedCredentials': '/home/hussain/Coding/Github/assignment-1-HUSSAIN1711/actions-runner/.credentials_migrated'
[2024-11-16 23:56:56Z INFO ConfigurationStore] MigratedCredFilePath: /home/hussain/Coding/Github/assignment-1-HUSSAIN1711/actions-runner/.credentials_migrated
[2024-11-16 23:56:56Z INFO HostContext] Well known directory 'Bin': '/home/hussain/Coding/Github/assignment-1-HUSSAIN1711/actions-runner/bin'
[2024-11-16 23:56:56Z INFO HostContext] Well known directory 'Root': '/home/hussain/Coding/Github/assignment-1-HUSSAIN1711/actions-runner'
[2024-11-16 23:56:56Z INFO HostContext] Well known config file 'Service': '/home/hussain/Coding/Github/assignment-1-HUSSAIN1711/actions-runner/.service'
[2024-11-16 23:56:56Z INFO ConfigurationStore] ServiceConfigFilePath: /home/hussain/Coding/Github/assignment-1-HUSSAIN1711/actions-runner/.service
[2024-11-16 23:56:56Z INFO CommandSettings] Flag 'help': 'False'
[2024-11-16 23:56:56Z INFO CommandSettings] Flag 'version': 'False'
[2024-11-16 23:56:56Z INFO CommandSettings] Flag 'commit': 'False'
[2024-11-16 23:56:56Z INFO CommandSettings] Flag 'check': 'False'
[2024-11-16 23:56:56Z INFO CommandSettings] Command 'configure': 'True'
[2024-11-16 23:56:56Z INFO Terminal] WRITE LINE: 
[2024-11-16 23:56:56Z INFO Terminal] WRITE LINE: --------------------------------------------------------------------------------
[2024-11-16 23:56:56Z INFO Terminal] WRITE LINE: |        ____ _ _   _   _       _          _        _   _                      |
[2024-11-16 23:56:56Z INFO Terminal] WRITE LINE: |       / ___(_) |_| | | |_   _| |__      / \   ___| |_(_) ___  _ __  ___      |
[2024-11-16 23:56:56Z INFO Terminal] WRITE LINE: |      | |  _| | __| |_| | | | | '_ \    / _ \ / __| __| |/ _ \| '_ \/ __|     |
[2024-11-16 23:56:56Z INFO Terminal] WRITE LINE: |      | |_| | | |_|  _  | |_| | |_) |  / ___ \ (__| |_| | (_) | | | \__ \     |
[2024-11-16 23:56:56Z INFO Terminal] WRITE LINE: |       \____|_|\__|_| |_|\__,_|_.__/  /_/   \_\___|\__|_|\___/|_| |_|___/     |
[2024-11-16 23:56:56Z INFO Terminal] WRITE LINE: |                                                                              |
[2024-11-16 23:56:56Z INFO Terminal] WRITE: |                       
[2024-11-16 23:56:56Z INFO Terminal] WRITE: Self-hosted runner registration
[2024-11-16 23:56:56Z INFO Terminal] WRITE LINE:                         |
[2024-11-16 23:56:56Z INFO Terminal] WRITE LINE: |                                                                              |
[2024-11-16 23:56:56Z INFO Terminal] WRITE LINE: --------------------------------------------------------------------------------
[2024-11-16 23:56:56Z INFO ConfigurationManager] ConfigureAsync
[2024-11-16 23:56:56Z INFO CommandSettings] Flag 'generateServiceConfig': 'False'
[2024-11-16 23:56:56Z INFO ConfigurationStore] IsConfigured()
[2024-11-16 23:56:56Z INFO ConfigurationStore] IsConfigured: False
[2024-11-16 23:56:56Z INFO ConfigurationManager] Is configured: False
[2024-11-16 23:56:56Z INFO CommandSettings] Arg 'url': 'https://github.com/cu-ecen-aeld/assignment-2-HUSSAIN1711'
[2024-11-16 23:56:56Z INFO CommandSettings] Remove url from Arg dictionary.
[2024-11-16 23:56:56Z INFO CommandSettings] Arg 'token': '***'
[2024-11-16 23:56:56Z INFO CommandSettings] Remove token from Arg dictionary.
[2024-11-16 23:56:58Z INFO ConfigurationManager] Http response code: OK from 'POST https://api.github.com/actions/runner-registration' (CD00:17168D:2DF611:588235:67393148)
[2024-11-16 23:56:58Z INFO ConfigurationManager] Using V2 flow: False
[2024-11-16 23:56:58Z INFO ConfigurationManager] cred retrieved via GitHub auth
[2024-11-16 23:56:58Z INFO RunnerServer] EstablishVssConnection
[2024-11-16 23:56:58Z INFO RunnerServer] Establish connection with 100 seconds timeout.
[2024-11-16 23:56:58Z INFO GitHubActionsService] Starting operation Location.GetConnectionData
[2024-11-16 23:56:58Z INFO RunnerServer] EstablishVssConnection
[2024-11-16 23:56:58Z INFO RunnerServer] Establish connection with 60 seconds timeout.
[2024-11-16 23:56:58Z INFO GitHubActionsService] Starting operation Location.GetConnectionData
[2024-11-16 23:56:58Z INFO RunnerServer] EstablishVssConnection
[2024-11-16 23:56:58Z INFO RunnerServer] Establish connection with 60 seconds timeout.
[2024-11-16 23:56:58Z INFO GitHubActionsService] Starting operation Location.GetConnectionData
[2024-11-16 23:56:59Z INFO GitHubActionsService] Finished operation Location.GetConnectionData
[2024-11-16 23:56:59Z INFO GitHubActionsService] Finished operation Location.GetConnectionData
[2024-11-16 23:56:59Z INFO GitHubActionsService] Finished operation Location.GetConnectionData
[2024-11-16 23:56:59Z INFO Terminal] WRITE LINE: 
[2024-11-16 23:56:59Z INFO ConfigurationManager] Test Connection complete.
[2024-11-16 23:56:59Z INFO HostContext] Well known directory 'Bin': '/home/hussain/Coding/Github/assignment-1-HUSSAIN1711/actions-runner/bin'
[2024-11-16 23:56:59Z INFO HostContext] Well known directory 'Root': '/home/hussain/Coding/Github/assignment-1-HUSSAIN1711/actions-runner'
[2024-11-16 23:56:59Z INFO HostContext] Well known config file 'RSACredentials': '/home/hussain/Coding/Github/assignment-1-HUSSAIN1711/actions-runner/.credentials_rsaparams'
[2024-11-16 23:56:59Z INFO RSAFileKeyManager] Creating new RSA key using 2048-bit key length
[2024-11-16 23:57:00Z INFO RSAFileKeyManager] Successfully saved RSA key parameters to file /home/hussain/Coding/Github/assignment-1-HUSSAIN1711/actions-runner/.credentials_rsaparams
[2024-11-16 23:57:00Z INFO RSAFileKeyManager] Which2: 'chmod'
[2024-11-16 23:57:00Z INFO RSAFileKeyManager] Location: '/usr/bin/chmod'
[2024-11-16 23:57:00Z INFO HostContext] Well known directory 'Bin': '/home/hussain/Coding/Github/assignment-1-HUSSAIN1711/actions-runner/bin'
[2024-11-16 23:57:00Z INFO HostContext] Well known directory 'Root': '/home/hussain/Coding/Github/assignment-1-HUSSAIN1711/actions-runner'
[2024-11-16 23:57:00Z INFO ProcessInvokerWrapper] Starting process:
[2024-11-16 23:57:00Z INFO ProcessInvokerWrapper]   File name: '/usr/bin/chmod'
[2024-11-16 23:57:00Z INFO ProcessInvokerWrapper]   Arguments: '600 /home/hussain/Coding/Github/assignment-1-HUSSAIN1711/actions-runner/.credentials_rsaparams'
[2024-11-16 23:57:00Z INFO ProcessInvokerWrapper]   Working directory: '/home/hussain/Coding/Github/assignment-1-HUSSAIN1711/actions-runner'
[2024-11-16 23:57:00Z INFO ProcessInvokerWrapper]   Require exit code zero: 'False'
[2024-11-16 23:57:00Z INFO ProcessInvokerWrapper]   Encoding web name:  ; code page: ''
[2024-11-16 23:57:00Z INFO ProcessInvokerWrapper]   Force kill process on cancellation: 'False'
[2024-11-16 23:57:00Z INFO ProcessInvokerWrapper]   Redirected STDIN: 'False'
[2024-11-16 23:57:00Z INFO ProcessInvokerWrapper]   Persist current code page: 'False'
[2024-11-16 23:57:00Z INFO ProcessInvokerWrapper]   Keep redirected STDIN open: 'False'
[2024-11-16 23:57:00Z INFO ProcessInvokerWrapper]   High priority process: 'False'
[2024-11-16 23:57:00Z INFO ProcessInvokerWrapper] Process started with process id 6154, waiting for process exit.
[2024-11-16 23:57:00Z INFO ProcessInvokerWrapper] STDOUT/STDERR stream read finished.
[2024-11-16 23:57:00Z INFO ProcessInvokerWrapper] STDOUT/STDERR stream read finished.
[2024-11-16 23:57:00Z INFO ProcessInvokerWrapper] Finished process 6154 with exit code 0, and elapsed time 00:00:00.0152765.
[2024-11-16 23:57:00Z INFO RSAFileKeyManager] Successfully set permissions for RSA key parameters file /home/hussain/Coding/Github/assignment-1-HUSSAIN1711/actions-runner/.credentials_rsaparams
[2024-11-16 23:57:00Z INFO CommandSettings] Arg 'runnergroup': ''
[2024-11-16 23:57:00Z INFO CommandSettings] Flag 'unattended': 'False'
[2024-11-16 23:57:00Z INFO PromptManager] ReadValue
[2024-11-16 23:57:00Z INFO Terminal] WRITE: Enter the name of the runner group to add this runner to: 
[2024-11-16 23:57:00Z INFO Terminal] WRITE: [press Enter for Default] 
[2024-11-16 23:57:00Z INFO Terminal] READ LINE
[2024-11-16 23:57:04Z INFO Terminal] Read value: ''
[2024-11-16 23:57:04Z INFO PromptManager] Falling back to the default: 'Default'
[2024-11-16 23:57:04Z INFO Terminal] WRITE LINE: 
[2024-11-16 23:57:04Z INFO ConfigurationManager] Found a self-hosted runner group with id 1 and name Default
[2024-11-16 23:57:04Z INFO CommandSettings] Flag 'disableupdate': 'False'
[2024-11-16 23:57:04Z INFO CommandSettings] Flag 'ephemeral': 'False'
[2024-11-16 23:57:04Z INFO CommandSettings] Arg 'name': ''
[2024-11-16 23:57:04Z INFO CommandSettings] Flag 'unattended': 'False'
[2024-11-16 23:57:04Z INFO PromptManager] ReadValue
[2024-11-16 23:57:04Z INFO Terminal] WRITE: Enter the name of runner: 
[2024-11-16 23:57:04Z INFO Terminal] WRITE: [press Enter for hussi-HP-Pavilion] 
[2024-11-16 23:57:04Z INFO Terminal] READ LINE
[2024-11-16 23:57:06Z INFO Terminal] Read value: ''
[2024-11-16 23:57:06Z INFO PromptManager] Falling back to the default: 'hussi-HP-Pavilion'
[2024-11-16 23:57:06Z INFO Terminal] WRITE LINE: 
[2024-11-16 23:57:06Z INFO CommandSettings] Arg 'labels': ''
[2024-11-16 23:57:06Z INFO CommandSettings] Flag 'unattended': 'False'
[2024-11-16 23:57:06Z INFO PromptManager] ReadValue
[2024-11-16 23:57:06Z INFO Terminal] WRITE: This runner will have the following labels: 'self-hosted', 'Linux', 'X64' 
Enter any additional labels (ex. label-1,label-2): 
[2024-11-16 23:57:06Z INFO Terminal] WRITE: [press Enter to skip] 
[2024-11-16 23:57:06Z INFO Terminal] READ LINE
[2024-11-16 23:57:08Z INFO Terminal] Read value: ''
[2024-11-16 23:57:08Z INFO Terminal] WRITE LINE: 
[2024-11-16 23:57:08Z INFO CommandSettings] Flag 'disableupdate': 'False'
[2024-11-16 23:57:08Z INFO CommandSettings] Flag 'no-default-labels': 'False'
[2024-11-16 23:57:08Z INFO CommandSettings] Flag 'disableupdate': 'False'
[2024-11-16 23:57:08Z INFO CommandSettings] Flag 'ephemeral': 'False'
[2024-11-16 23:57:08Z INFO ConfigurationStore] Saving OAuth credential @ /home/hussain/Coding/Github/assignment-1-HUSSAIN1711/actions-runner/.credentials
[2024-11-16 23:57:08Z INFO ConfigurationStore] Credentials Saved.
[2024-11-16 23:57:08Z INFO ConfigurationStore] HasCredentials()
[2024-11-16 23:57:08Z INFO ConfigurationStore] stored True
[2024-11-16 23:57:08Z INFO CredentialManager] GetCredentialProvider
[2024-11-16 23:57:08Z INFO CredentialManager] Creating type OAuth
[2024-11-16 23:57:08Z INFO CredentialManager] Creating credential type: OAuth
[2024-11-16 23:57:08Z INFO RSAFileKeyManager] Loading RSA key parameters from file /home/hussain/Coding/Github/assignment-1-HUSSAIN1711/actions-runner/.credentials_rsaparams
[2024-11-16 23:57:08Z INFO RunnerServer] EstablishVssConnection
[2024-11-16 23:57:08Z INFO RunnerServer] Establish connection with 100 seconds timeout.
[2024-11-16 23:57:08Z INFO GitHubActionsService] Starting operation Location.GetConnectionData
[2024-11-16 23:57:08Z INFO RunnerServer] EstablishVssConnection
[2024-11-16 23:57:08Z INFO RunnerServer] Establish connection with 60 seconds timeout.
[2024-11-16 23:57:08Z INFO GitHubActionsService] Starting operation Location.GetConnectionData
[2024-11-16 23:57:08Z INFO RunnerServer] EstablishVssConnection
[2024-11-16 23:57:08Z INFO RunnerServer] Establish connection with 60 seconds timeout.
[2024-11-16 23:57:08Z INFO GitHubActionsService] Starting operation Location.GetConnectionData
[2024-11-16 23:57:09Z INFO GitHubActionsService] Finished operation Location.GetConnectionData
[2024-11-16 23:57:09Z INFO GitHubActionsService] Finished operation Location.GetConnectionData
[2024-11-16 23:57:09Z INFO GitHubActionsService] Finished operation Location.GetConnectionData
[2024-11-16 23:57:09Z INFO RSAFileKeyManager] Loading RSA key parameters from file /home/hussain/Coding/Github/assignment-1-HUSSAIN1711/actions-runner/.credentials_rsaparams
[2024-11-16 23:57:09Z INFO RSAFileKeyManager] Loading RSA key parameters from file /home/hussain/Coding/Github/assignment-1-HUSSAIN1711/actions-runner/.credentials_rsaparams
[2024-11-16 23:57:09Z INFO GitHubActionsService] AAD Correlation ID for this token request: Unknown
[2024-11-16 23:57:10Z INFO CommandSettings] Arg 'work': ''
[2024-11-16 23:57:10Z INFO CommandSettings] Flag 'unattended': 'False'
[2024-11-16 23:57:10Z INFO PromptManager] ReadValue
[2024-11-16 23:57:10Z INFO Terminal] WRITE: Enter name of work folder: 
[2024-11-16 23:57:10Z INFO Terminal] WRITE: [press Enter for _work] 
[2024-11-16 23:57:10Z INFO Terminal] READ LINE
[2024-11-16 23:57:12Z INFO Terminal] Read value: ''
[2024-11-16 23:57:12Z INFO PromptManager] Falling back to the default: '_work'
[2024-11-16 23:57:12Z INFO ConfigurationStore] Saving runner settings.
[2024-11-16 23:57:12Z INFO ConfigurationStore] Settings Saved.
[2024-11-16 23:57:12Z INFO Terminal] WRITE LINE: 
[2024-11-16 23:57:12Z INFO Terminal] WRITE LINE: 
[2024-11-16 23:57:12Z INFO SystemDControlManager] Service name 'actions.runner.cu-ecen-aeld-assignment-2-HUSSAIN1711.hussi-HP-Pavilion.service' display name 'GitHub Actions Runner (cu-ecen-aeld-assignment-2-HUSSAIN1711.hussi-HP-Pavilion)' will be used for service configuration.
[2024-11-16 23:57:12Z INFO HostContext] Well known directory 'Bin': '/home/hussain/Coding/Github/assignment-1-HUSSAIN1711/actions-runner/bin'
[2024-11-16 23:57:12Z INFO HostContext] Well known directory 'Root': '/home/hussain/Coding/Github/assignment-1-HUSSAIN1711/actions-runner'
[2024-11-16 23:57:12Z INFO HostContext] Well known directory 'Bin': '/home/hussain/Coding/Github/assignment-1-HUSSAIN1711/actions-runner/bin'
[2024-11-16 23:57:12Z INFO HostContext] Well known directory 'Bin': '/home/hussain/Coding/Github/assignment-1-HUSSAIN1711/actions-runner/bin'
[2024-11-16 23:57:12Z INFO HostContext] Well known directory 'Root': '/home/hussain/Coding/Github/assignment-1-HUSSAIN1711/actions-runner'
[2024-11-16 23:57:12Z INFO UnixUtil] Which2: 'chmod'
[2024-11-16 23:57:13Z INFO UnixUtil] Location: '/usr/bin/chmod'
[2024-11-16 23:57:13Z INFO UnixUtil] Running /usr/bin/chmod 755 "/home/hussain/Coding/Github/assignment-1-HUSSAIN1711/actions-runner/svc.sh"
[2024-11-16 23:57:13Z INFO ProcessInvokerWrapper] Starting process:
[2024-11-16 23:57:13Z INFO ProcessInvokerWrapper]   File name: '/usr/bin/chmod'
[2024-11-16 23:57:13Z INFO ProcessInvokerWrapper]   Arguments: '755 "/home/hussain/Coding/Github/assignment-1-HUSSAIN1711/actions-runner/svc.sh"'
[2024-11-16 23:57:13Z INFO ProcessInvokerWrapper]   Working directory: '/home/hussain/Coding/Github/assignment-1-HUSSAIN1711/actions-runner'
[2024-11-16 23:57:13Z INFO ProcessInvokerWrapper]   Require exit code zero: 'True'
[2024-11-16 23:57:13Z INFO ProcessInvokerWrapper]   Encoding web name:  ; code page: ''
[2024-11-16 23:57:13Z INFO ProcessInvokerWrapper]   Force kill process on cancellation: 'False'
[2024-11-16 23:57:13Z INFO ProcessInvokerWrapper]   Redirected STDIN: 'False'
[2024-11-16 23:57:13Z INFO ProcessInvokerWrapper]   Persist current code page: 'False'
[2024-11-16 23:57:13Z INFO ProcessInvokerWrapper]   Keep redirected STDIN open: 'False'
[2024-11-16 23:57:13Z INFO ProcessInvokerWrapper]   High priority process: 'False'
[2024-11-16 23:57:13Z INFO ProcessInvokerWrapper] Updated oom_score_adj to 500 for PID: 6156.
[2024-11-16 23:57:13Z INFO ProcessInvokerWrapper] Process started with process id 6156, waiting for process exit.
[2024-11-16 23:57:13Z INFO ProcessInvokerWrapper] STDOUT/STDERR stream read finished.
[2024-11-16 23:57:13Z INFO ProcessInvokerWrapper] STDOUT/STDERR stream read finished.
[2024-11-16 23:57:13Z INFO ProcessInvokerWrapper] Finished process 6156 with exit code 0, and elapsed time 00:00:00.0036161.
[2024-11-16 23:57:13Z INFO Listener] Runner execution has finished with return code 0
