[2024-11-20 04:41:26Z INFO HostContext] No proxy settings were found based on environmental variables (http_proxy/https_proxy/HTTP_PROXY/HTTPS_PROXY)
[2024-11-20 04:41:26Z INFO HostContext] Well known directory 'Bin': '/home/hussain/Coding/Github/assignment-1-HUSSAIN1711/actions-runner/bin'
[2024-11-20 04:41:26Z INFO HostContext] Well known directory 'Root': '/home/hussain/Coding/Github/assignment-1-HUSSAIN1711/actions-runner'
[2024-11-20 04:41:26Z INFO HostContext] Well known config file 'Credentials': '/home/hussain/Coding/Github/assignment-1-HUSSAIN1711/actions-runner/.credentials'
[2024-11-20 04:41:26Z INFO HostContext] Well known directory 'Bin': '/home/hussain/Coding/Github/assignment-1-HUSSAIN1711/actions-runner/bin'
[2024-11-20 04:41:26Z INFO HostContext] Well known directory 'Root': '/home/hussain/Coding/Github/assignment-1-HUSSAIN1711/actions-runner'
[2024-11-20 04:41:26Z INFO HostContext] Well known config file 'Runner': '/home/hussain/Coding/Github/assignment-1-HUSSAIN1711/actions-runner/.runner'
[2024-11-20 04:41:26Z INFO Listener] Runner is built for Linux (X64) - linux-x64.
[2024-11-20 04:41:26Z INFO Listener] RuntimeInformation: Linux 6.8.0-49-generic #49~22.04.1-Ubuntu SMP PREEMPT_DYNAMIC Wed Nov  6 17:42:15 UTC 2.
[2024-11-20 04:41:26Z INFO Listener] Version: 2.320.0
[2024-11-20 04:41:26Z INFO Listener] Commit: 78f21670b4a58aff19b5189207f54eb2bee324d1
[2024-11-20 04:41:26Z INFO Listener] Culture: en-US
[2024-11-20 04:41:26Z INFO Listener] UI Culture: en-US
[2024-11-20 04:41:26Z INFO HostContext] Well known directory 'Bin': '/home/hussain/Coding/Github/assignment-1-HUSSAIN1711/actions-runner/bin'
[2024-11-20 04:41:26Z INFO HostContext] Well known directory 'Root': '/home/hussain/Coding/Github/assignment-1-HUSSAIN1711/actions-runner'
[2024-11-20 04:41:26Z INFO Listener] Validating directory permissions for: '/home/hussain/Coding/Github/assignment-1-HUSSAIN1711/actions-runner'
[2024-11-20 04:41:26Z INFO CommandLineParser] Parse
[2024-11-20 04:41:26Z INFO CommandLineParser] Parsing 5 args
[2024-11-20 04:41:26Z INFO CommandLineParser] parsing argument
[2024-11-20 04:41:26Z INFO CommandLineParser] HasArgs: False
[2024-11-20 04:41:26Z INFO CommandLineParser] Adding Command: configure
[2024-11-20 04:41:26Z INFO CommandLineParser] parsing argument
[2024-11-20 04:41:26Z INFO CommandLineParser] HasArgs: True
[2024-11-20 04:41:26Z INFO CommandLineParser] arg: url
[2024-11-20 04:41:26Z INFO CommandLineParser] parsing argument
[2024-11-20 04:41:26Z INFO CommandLineParser] HasArgs: True
[2024-11-20 04:41:26Z INFO CommandLineParser] Adding option 'url': 'https://github.com/cu-ecen-aeld/assignment-2-HUSSAIN1711'
[2024-11-20 04:41:26Z INFO CommandLineParser] parsing argument
[2024-11-20 04:41:26Z INFO CommandLineParser] HasArgs: True
[2024-11-20 04:41:26Z INFO CommandLineParser] arg: token
[2024-11-20 04:41:26Z INFO CommandLineParser] parsing argument
[2024-11-20 04:41:26Z INFO CommandLineParser] HasArgs: True
[2024-11-20 04:41:26Z INFO CommandLineParser] Adding option 'token': '***'
[2024-11-20 04:41:26Z INFO Listener] Arguments parsed
[2024-11-20 04:41:26Z INFO Runner] ExecuteCommand
[2024-11-20 04:41:26Z INFO ConfigurationStore] currentAssemblyLocation: /home/hussain/Coding/Github/assignment-1-HUSSAIN1711/actions-runner/bin/Runner.Listener.dll
[2024-11-20 04:41:26Z INFO HostContext] Well known directory 'Bin': '/home/hussain/Coding/Github/assignment-1-HUSSAIN1711/actions-runner/bin'
[2024-11-20 04:41:26Z INFO ConfigurationStore] binPath: /home/hussain/Coding/Github/assignment-1-HUSSAIN1711/actions-runner/bin
[2024-11-20 04:41:26Z INFO HostContext] Well known directory 'Bin': '/home/hussain/Coding/Github/assignment-1-HUSSAIN1711/actions-runner/bin'
[2024-11-20 04:41:26Z INFO HostContext] Well known directory 'Root': '/home/hussain/Coding/Github/assignment-1-HUSSAIN1711/actions-runner'
[2024-11-20 04:41:26Z INFO ConfigurationStore] RootFolder: /home/hussain/Coding/Github/assignment-1-HUSSAIN1711/actions-runner
[2024-11-20 04:41:26Z INFO HostContext] Well known directory 'Bin': '/home/hussain/Coding/Github/assignment-1-HUSSAIN1711/actions-runner/bin'
[2024-11-20 04:41:26Z INFO HostContext] Well known directory 'Root': '/home/hussain/Coding/Github/assignment-1-HUSSAIN1711/actions-runner'
[2024-11-20 04:41:26Z INFO HostContext] Well known config file 'Runner': '/home/hussain/Coding/Github/assignment-1-HUSSAIN1711/actions-runner/.runner'
[2024-11-20 04:41:26Z INFO ConfigurationStore] ConfigFilePath: /home/hussain/Coding/Github/assignment-1-HUSSAIN1711/actions-runner/.runner
[2024-11-20 04:41:26Z INFO HostContext] Well known directory 'Bin': '/home/hussain/Coding/Github/assignment-1-HUSSAIN1711/actions-runner/bin'
[2024-11-20 04:41:26Z INFO HostContext] Well known directory 'Root': '/home/hussain/Coding/Github/assignment-1-HUSSAIN1711/actions-runner'
[2024-11-20 04:41:26Z INFO HostContext] Well known config file 'Credentials': '/home/hussain/Coding/Github/assignment-1-HUSSAIN1711/actions-runner/.credentials'
[2024-11-20 04:41:26Z INFO ConfigurationStore] CredFilePath: /home/hussain/Coding/Github/assignment-1-HUSSAIN1711/actions-runner/.credentials
[2024-11-20 04:41:26Z INFO HostContext] Well known directory 'Bin': '/home/hussain/Coding/Github/assignment-1-HUSSAIN1711/actions-runner/bin'
[2024-11-20 04:41:26Z INFO HostContext] Well known directory 'Root': '/home/hussain/Coding/Github/assignment-1-HUSSAIN1711/actions-runner'
[2024-11-20 04:41:26Z INFO HostContext] Well known config file 'MigratedCredentials': '/home/hussain/Coding/Github/assignment-1-HUSSAIN1711/actions-runner/.credentials_migrated'
[2024-11-20 04:41:26Z INFO ConfigurationStore] MigratedCredFilePath: /home/hussain/Coding/Github/assignment-1-HUSSAIN1711/actions-runner/.credentials_migrated
[2024-11-20 04:41:26Z INFO HostContext] Well known directory 'Bin': '/home/hussain/Coding/Github/assignment-1-HUSSAIN1711/actions-runner/bin'
[2024-11-20 04:41:26Z INFO HostContext] Well known directory 'Root': '/home/hussain/Coding/Github/assignment-1-HUSSAIN1711/actions-runner'
[2024-11-20 04:41:26Z INFO HostContext] Well known config file 'Service': '/home/hussain/Coding/Github/assignment-1-HUSSAIN1711/actions-runner/.service'
[2024-11-20 04:41:26Z INFO ConfigurationStore] ServiceConfigFilePath: /home/hussain/Coding/Github/assignment-1-HUSSAIN1711/actions-runner/.service
[2024-11-20 04:41:26Z INFO CommandSettings] Flag 'help': 'False'
[2024-11-20 04:41:26Z INFO CommandSettings] Flag 'version': 'False'
[2024-11-20 04:41:26Z INFO CommandSettings] Flag 'commit': 'False'
[2024-11-20 04:41:26Z INFO CommandSettings] Flag 'check': 'False'
[2024-11-20 04:41:26Z INFO CommandSettings] Command 'configure': 'True'
[2024-11-20 04:41:26Z INFO Terminal] WRITE LINE: 
[2024-11-20 04:41:26Z INFO Terminal] WRITE LINE: --------------------------------------------------------------------------------
[2024-11-20 04:41:26Z INFO Terminal] WRITE LINE: |        ____ _ _   _   _       _          _        _   _                      |
[2024-11-20 04:41:26Z INFO Terminal] WRITE LINE: |       / ___(_) |_| | | |_   _| |__      / \   ___| |_(_) ___  _ __  ___      |
[2024-11-20 04:41:26Z INFO Terminal] WRITE LINE: |      | |  _| | __| |_| | | | | '_ \    / _ \ / __| __| |/ _ \| '_ \/ __|     |
[2024-11-20 04:41:26Z INFO Terminal] WRITE LINE: |      | |_| | | |_|  _  | |_| | |_) |  / ___ \ (__| |_| | (_) | | | \__ \     |
[2024-11-20 04:41:26Z INFO Terminal] WRITE LINE: |       \____|_|\__|_| |_|\__,_|_.__/  /_/   \_\___|\__|_|\___/|_| |_|___/     |
[2024-11-20 04:41:26Z INFO Terminal] WRITE LINE: |                                                                              |
[2024-11-20 04:41:26Z INFO Terminal] WRITE: |                       
[2024-11-20 04:41:26Z INFO Terminal] WRITE: Self-hosted runner registration
[2024-11-20 04:41:26Z INFO Terminal] WRITE LINE:                         |
[2024-11-20 04:41:26Z INFO Terminal] WRITE LINE: |                                                                              |
[2024-11-20 04:41:26Z INFO Terminal] WRITE LINE: --------------------------------------------------------------------------------
[2024-11-20 04:41:26Z INFO ConfigurationManager] ConfigureAsync
[2024-11-20 04:41:26Z INFO CommandSettings] Flag 'generateServiceConfig': 'False'
[2024-11-20 04:41:26Z INFO ConfigurationStore] IsConfigured()
[2024-11-20 04:41:26Z INFO ConfigurationStore] IsConfigured: False
[2024-11-20 04:41:26Z INFO ConfigurationManager] Is configured: False
[2024-11-20 04:41:26Z INFO CommandSettings] Arg 'url': 'https://github.com/cu-ecen-aeld/assignment-2-HUSSAIN1711'
[2024-11-20 04:41:26Z INFO CommandSettings] Remove url from Arg dictionary.
[2024-11-20 04:41:26Z INFO CommandSettings] Arg 'token': '***'
[2024-11-20 04:41:26Z INFO CommandSettings] Remove token from Arg dictionary.
[2024-11-20 04:41:27Z INFO ConfigurationManager] Http response code: OK from 'POST https://api.github.com/actions/runner-registration' (9190:105115:4031684:40AEAC8:673D6876)
[2024-11-20 04:41:27Z INFO ConfigurationManager] Using V2 flow: False
[2024-11-20 04:41:27Z INFO ConfigurationManager] cred retrieved via GitHub auth
[2024-11-20 04:41:27Z INFO RunnerServer] EstablishVssConnection
[2024-11-20 04:41:27Z INFO RunnerServer] Establish connection with 100 seconds timeout.
[2024-11-20 04:41:27Z INFO GitHubActionsService] Starting operation Location.GetConnectionData
[2024-11-20 04:41:27Z INFO RunnerServer] EstablishVssConnection
[2024-11-20 04:41:27Z INFO RunnerServer] Establish connection with 60 seconds timeout.
[2024-11-20 04:41:27Z INFO GitHubActionsService] Starting operation Location.GetConnectionData
[2024-11-20 04:41:27Z INFO RunnerServer] EstablishVssConnection
[2024-11-20 04:41:27Z INFO RunnerServer] Establish connection with 60 seconds timeout.
[2024-11-20 04:41:27Z INFO GitHubActionsService] Starting operation Location.GetConnectionData
[2024-11-20 04:41:28Z INFO GitHubActionsService] Finished operation Location.GetConnectionData
[2024-11-20 04:41:28Z INFO GitHubActionsService] Finished operation Location.GetConnectionData
[2024-11-20 04:41:28Z INFO GitHubActionsService] Finished operation Location.GetConnectionData
[2024-11-20 04:41:28Z INFO Terminal] WRITE LINE: 
[2024-11-20 04:41:28Z INFO ConfigurationManager] Test Connection complete.
[2024-11-20 04:41:28Z INFO HostContext] Well known directory 'Bin': '/home/hussain/Coding/Github/assignment-1-HUSSAIN1711/actions-runner/bin'
[2024-11-20 04:41:28Z INFO HostContext] Well known directory 'Root': '/home/hussain/Coding/Github/assignment-1-HUSSAIN1711/actions-runner'
[2024-11-20 04:41:28Z INFO HostContext] Well known config file 'RSACredentials': '/home/hussain/Coding/Github/assignment-1-HUSSAIN1711/actions-runner/.credentials_rsaparams'
[2024-11-20 04:41:29Z INFO RSAFileKeyManager] Creating new RSA key using 2048-bit key length
[2024-11-20 04:41:29Z INFO RSAFileKeyManager] Successfully saved RSA key parameters to file /home/hussain/Coding/Github/assignment-1-HUSSAIN1711/actions-runner/.credentials_rsaparams
[2024-11-20 04:41:29Z INFO RSAFileKeyManager] Which2: 'chmod'
[2024-11-20 04:41:30Z INFO RSAFileKeyManager] Location: '/usr/bin/chmod'
[2024-11-20 04:41:30Z INFO HostContext] Well known directory 'Bin': '/home/hussain/Coding/Github/assignment-1-HUSSAIN1711/actions-runner/bin'
[2024-11-20 04:41:30Z INFO HostContext] Well known directory 'Root': '/home/hussain/Coding/Github/assignment-1-HUSSAIN1711/actions-runner'
[2024-11-20 04:41:30Z INFO ProcessInvokerWrapper] Starting process:
[2024-11-20 04:41:30Z INFO ProcessInvokerWrapper]   File name: '/usr/bin/chmod'
[2024-11-20 04:41:30Z INFO ProcessInvokerWrapper]   Arguments: '600 /home/hussain/Coding/Github/assignment-1-HUSSAIN1711/actions-runner/.credentials_rsaparams'
[2024-11-20 04:41:30Z INFO ProcessInvokerWrapper]   Working directory: '/home/hussain/Coding/Github/assignment-1-HUSSAIN1711/actions-runner'
[2024-11-20 04:41:30Z INFO ProcessInvokerWrapper]   Require exit code zero: 'False'
[2024-11-20 04:41:30Z INFO ProcessInvokerWrapper]   Encoding web name:  ; code page: ''
[2024-11-20 04:41:30Z INFO ProcessInvokerWrapper]   Force kill process on cancellation: 'False'
[2024-11-20 04:41:30Z INFO ProcessInvokerWrapper]   Redirected STDIN: 'False'
[2024-11-20 04:41:30Z INFO ProcessInvokerWrapper]   Persist current code page: 'False'
[2024-11-20 04:41:30Z INFO ProcessInvokerWrapper]   Keep redirected STDIN open: 'False'
[2024-11-20 04:41:30Z INFO ProcessInvokerWrapper]   High priority process: 'False'
[2024-11-20 04:41:30Z INFO ProcessInvokerWrapper] Process started with process id 7183, waiting for process exit.
[2024-11-20 04:41:30Z INFO ProcessInvokerWrapper] STDOUT/STDERR stream read finished.
[2024-11-20 04:41:30Z INFO ProcessInvokerWrapper] STDOUT/STDERR stream read finished.
[2024-11-20 04:41:30Z INFO ProcessInvokerWrapper] Finished process 7183 with exit code 0, and elapsed time 00:00:00.0166843.
[2024-11-20 04:41:30Z INFO RSAFileKeyManager] Successfully set permissions for RSA key parameters file /home/hussain/Coding/Github/assignment-1-HUSSAIN1711/actions-runner/.credentials_rsaparams
[2024-11-20 04:41:30Z INFO CommandSettings] Arg 'runnergroup': ''
[2024-11-20 04:41:30Z INFO CommandSettings] Flag 'unattended': 'False'
[2024-11-20 04:41:30Z INFO PromptManager] ReadValue
[2024-11-20 04:41:30Z INFO Terminal] WRITE: Enter the name of the runner group to add this runner to: 
[2024-11-20 04:41:30Z INFO Terminal] WRITE: [press Enter for Default] 
[2024-11-20 04:41:30Z INFO Terminal] READ LINE
[2024-11-20 04:41:34Z INFO Terminal] Read value: ''
[2024-11-20 04:41:34Z INFO PromptManager] Falling back to the default: 'Default'
[2024-11-20 04:41:34Z INFO Terminal] WRITE LINE: 
[2024-11-20 04:41:34Z INFO ConfigurationManager] Found a self-hosted runner group with id 1 and name Default
[2024-11-20 04:41:34Z INFO CommandSettings] Flag 'disableupdate': 'False'
[2024-11-20 04:41:34Z INFO CommandSettings] Flag 'ephemeral': 'False'
[2024-11-20 04:41:34Z INFO CommandSettings] Arg 'name': ''
[2024-11-20 04:41:34Z INFO CommandSettings] Flag 'unattended': 'False'
[2024-11-20 04:41:34Z INFO PromptManager] ReadValue
[2024-11-20 04:41:34Z INFO Terminal] WRITE: Enter the name of runner: 
[2024-11-20 04:41:34Z INFO Terminal] WRITE: [press Enter for hussi-HP-Pavilion] 
[2024-11-20 04:41:34Z INFO Terminal] READ LINE
[2024-11-20 04:41:35Z INFO Terminal] Read value: ''
[2024-11-20 04:41:35Z INFO PromptManager] Falling back to the default: 'hussi-HP-Pavilion'
[2024-11-20 04:41:35Z INFO Terminal] WRITE LINE: 
[2024-11-20 04:41:35Z INFO CommandSettings] Arg 'labels': ''
[2024-11-20 04:41:35Z INFO CommandSettings] Flag 'unattended': 'False'
[2024-11-20 04:41:35Z INFO PromptManager] ReadValue
[2024-11-20 04:41:35Z INFO Terminal] WRITE: This runner will have the following labels: 'self-hosted', 'Linux', 'X64' 
Enter any additional labels (ex. label-1,label-2): 
[2024-11-20 04:41:35Z INFO Terminal] WRITE: [press Enter to skip] 
[2024-11-20 04:41:35Z INFO Terminal] READ LINE
[2024-11-20 04:41:35Z INFO Terminal] Read value: ''
[2024-11-20 04:41:35Z INFO Terminal] WRITE LINE: 
[2024-11-20 04:41:36Z INFO CommandSettings] Flag 'disableupdate': 'False'
[2024-11-20 04:41:36Z INFO CommandSettings] Flag 'no-default-labels': 'False'
[2024-11-20 04:41:36Z INFO CommandSettings] Flag 'disableupdate': 'False'
[2024-11-20 04:41:36Z INFO CommandSettings] Flag 'ephemeral': 'False'
[2024-11-20 04:41:36Z INFO ConfigurationStore] Saving OAuth credential @ /home/hussain/Coding/Github/assignment-1-HUSSAIN1711/actions-runner/.credentials
[2024-11-20 04:41:36Z INFO ConfigurationStore] Credentials Saved.
[2024-11-20 04:41:36Z INFO ConfigurationStore] HasCredentials()
[2024-11-20 04:41:36Z INFO ConfigurationStore] stored True
[2024-11-20 04:41:36Z INFO CredentialManager] GetCredentialProvider
[2024-11-20 04:41:36Z INFO CredentialManager] Creating type OAuth
[2024-11-20 04:41:36Z INFO CredentialManager] Creating credential type: OAuth
[2024-11-20 04:41:36Z INFO RSAFileKeyManager] Loading RSA key parameters from file /home/hussain/Coding/Github/assignment-1-HUSSAIN1711/actions-runner/.credentials_rsaparams
[2024-11-20 04:41:36Z INFO RunnerServer] EstablishVssConnection
[2024-11-20 04:41:36Z INFO RunnerServer] Establish connection with 100 seconds timeout.
[2024-11-20 04:41:36Z INFO GitHubActionsService] Starting operation Location.GetConnectionData
[2024-11-20 04:41:36Z INFO RunnerServer] EstablishVssConnection
[2024-11-20 04:41:36Z INFO RunnerServer] Establish connection with 60 seconds timeout.
[2024-11-20 04:41:36Z INFO GitHubActionsService] Starting operation Location.GetConnectionData
[2024-11-20 04:41:36Z INFO RunnerServer] EstablishVssConnection
[2024-11-20 04:41:36Z INFO RunnerServer] Establish connection with 60 seconds timeout.
[2024-11-20 04:41:36Z INFO GitHubActionsService] Starting operation Location.GetConnectionData
[2024-11-20 04:41:37Z INFO GitHubActionsService] Finished operation Location.GetConnectionData
[2024-11-20 04:41:37Z INFO GitHubActionsService] Finished operation Location.GetConnectionData
[2024-11-20 04:41:37Z INFO GitHubActionsService] Finished operation Location.GetConnectionData
[2024-11-20 04:41:37Z INFO RSAFileKeyManager] Loading RSA key parameters from file /home/hussain/Coding/Github/assignment-1-HUSSAIN1711/actions-runner/.credentials_rsaparams
[2024-11-20 04:41:37Z INFO RSAFileKeyManager] Loading RSA key parameters from file /home/hussain/Coding/Github/assignment-1-HUSSAIN1711/actions-runner/.credentials_rsaparams
[2024-11-20 04:41:38Z INFO GitHubActionsService] AAD Correlation ID for this token request: Unknown
[2024-11-20 04:41:38Z INFO CommandSettings] Arg 'work': ''
[2024-11-20 04:41:38Z INFO CommandSettings] Flag 'unattended': 'False'
[2024-11-20 04:41:38Z INFO PromptManager] ReadValue
[2024-11-20 04:41:38Z INFO Terminal] WRITE: Enter name of work folder: 
[2024-11-20 04:41:38Z INFO Terminal] WRITE: [press Enter for _work] 
[2024-11-20 04:41:38Z INFO Terminal] READ LINE
[2024-11-20 04:41:38Z INFO Terminal] Read value: ''
[2024-11-20 04:41:38Z INFO PromptManager] Falling back to the default: '_work'
[2024-11-20 04:41:38Z INFO ConfigurationStore] Saving runner settings.
[2024-11-20 04:41:38Z INFO ConfigurationStore] Settings Saved.
[2024-11-20 04:41:38Z INFO Terminal] WRITE LINE: 
[2024-11-20 04:41:38Z INFO Terminal] WRITE LINE: 
[2024-11-20 04:41:38Z INFO SystemDControlManager] Service name 'actions.runner.cu-ecen-aeld-assignment-2-HUSSAIN1711.hussi-HP-Pavilion.service' display name 'GitHub Actions Runner (cu-ecen-aeld-assignment-2-HUSSAIN1711.hussi-HP-Pavilion)' will be used for service configuration.
[2024-11-20 04:41:38Z INFO HostContext] Well known directory 'Bin': '/home/hussain/Coding/Github/assignment-1-HUSSAIN1711/actions-runner/bin'
[2024-11-20 04:41:38Z INFO HostContext] Well known directory 'Root': '/home/hussain/Coding/Github/assignment-1-HUSSAIN1711/actions-runner'
[2024-11-20 04:41:38Z INFO HostContext] Well known directory 'Bin': '/home/hussain/Coding/Github/assignment-1-HUSSAIN1711/actions-runner/bin'
[2024-11-20 04:41:38Z INFO HostContext] Well known directory 'Bin': '/home/hussain/Coding/Github/assignment-1-HUSSAIN1711/actions-runner/bin'
[2024-11-20 04:41:38Z INFO HostContext] Well known directory 'Root': '/home/hussain/Coding/Github/assignment-1-HUSSAIN1711/actions-runner'
[2024-11-20 04:41:38Z INFO UnixUtil] Which2: 'chmod'
[2024-11-20 04:41:38Z INFO UnixUtil] Location: '/usr/bin/chmod'
[2024-11-20 04:41:38Z INFO UnixUtil] Running /usr/bin/chmod 755 "/home/hussain/Coding/Github/assignment-1-HUSSAIN1711/actions-runner/svc.sh"
[2024-11-20 04:41:38Z INFO ProcessInvokerWrapper] Starting process:
[2024-11-20 04:41:38Z INFO ProcessInvokerWrapper]   File name: '/usr/bin/chmod'
[2024-11-20 04:41:38Z INFO ProcessInvokerWrapper]   Arguments: '755 "/home/hussain/Coding/Github/assignment-1-HUSSAIN1711/actions-runner/svc.sh"'
[2024-11-20 04:41:38Z INFO ProcessInvokerWrapper]   Working directory: '/home/hussain/Coding/Github/assignment-1-HUSSAIN1711/actions-runner'
[2024-11-20 04:41:38Z INFO ProcessInvokerWrapper]   Require exit code zero: 'True'
[2024-11-20 04:41:38Z INFO ProcessInvokerWrapper]   Encoding web name:  ; code page: ''
[2024-11-20 04:41:38Z INFO ProcessInvokerWrapper]   Force kill process on cancellation: 'False'
[2024-11-20 04:41:38Z INFO ProcessInvokerWrapper]   Redirected STDIN: 'False'
[2024-11-20 04:41:38Z INFO ProcessInvokerWrapper]   Persist current code page: 'False'
[2024-11-20 04:41:38Z INFO ProcessInvokerWrapper]   Keep redirected STDIN open: 'False'
[2024-11-20 04:41:38Z INFO ProcessInvokerWrapper]   High priority process: 'False'
[2024-11-20 04:41:38Z INFO ProcessInvokerWrapper] Updated oom_score_adj to 500 for PID: 7216.
[2024-11-20 04:41:38Z INFO ProcessInvokerWrapper] Process started with process id 7216, waiting for process exit.
[2024-11-20 04:41:38Z INFO ProcessInvokerWrapper] STDOUT/STDERR stream read finished.
[2024-11-20 04:41:38Z INFO ProcessInvokerWrapper] STDOUT/STDERR stream read finished.
[2024-11-20 04:41:38Z INFO ProcessInvokerWrapper] Finished process 7216 with exit code 0, and elapsed time 00:00:00.0038081.
[2024-11-20 04:41:38Z INFO Listener] Runner execution has finished with return code 0
