[2024-11-16 23:57:21Z INFO HostContext] No proxy settings were found based on environmental variables (http_proxy/https_proxy/HTTP_PROXY/HTTPS_PROXY)
[2024-11-16 23:57:21Z INFO HostContext] Well known directory 'Bin': '/home/hussain/Coding/Github/assignment-1-HUSSAIN1711/actions-runner/bin'
[2024-11-16 23:57:21Z INFO HostContext] Well known directory 'Root': '/home/hussain/Coding/Github/assignment-1-HUSSAIN1711/actions-runner'
[2024-11-16 23:57:21Z INFO HostContext] Well known config file 'Credentials': '/home/hussain/Coding/Github/assignment-1-HUSSAIN1711/actions-runner/.credentials'
[2024-11-16 23:57:21Z INFO HostContext] Well known directory 'Bin': '/home/hussain/Coding/Github/assignment-1-HUSSAIN1711/actions-runner/bin'
[2024-11-16 23:57:21Z INFO HostContext] Well known directory 'Root': '/home/hussain/Coding/Github/assignment-1-HUSSAIN1711/actions-runner'
[2024-11-16 23:57:21Z INFO HostContext] Well known config file 'Runner': '/home/hussain/Coding/Github/assignment-1-HUSSAIN1711/actions-runner/.runner'
[2024-11-16 23:57:21Z INFO Listener] Runner is built for Linux (X64) - linux-x64.
[2024-11-16 23:57:21Z INFO Listener] RuntimeInformation: Linux 6.8.0-48-generic #48~22.04.1-Ubuntu SMP PREEMPT_DYNAMIC Mon Oct  7 11:24:13 UTC 2.
[2024-11-16 23:57:21Z INFO Listener] Version: 2.320.0
[2024-11-16 23:57:21Z INFO Listener] Commit: 78f21670b4a58aff19b5189207f54eb2bee324d1
[2024-11-16 23:57:21Z INFO Listener] Culture: en-US
[2024-11-16 23:57:21Z INFO Listener] UI Culture: en-US
[2024-11-16 23:57:21Z INFO HostContext] Well known directory 'Bin': '/home/hussain/Coding/Github/assignment-1-HUSSAIN1711/actions-runner/bin'
[2024-11-16 23:57:21Z INFO HostContext] Well known directory 'Root': '/home/hussain/Coding/Github/assignment-1-HUSSAIN1711/actions-runner'
[2024-11-16 23:57:21Z INFO Listener] Validating directory permissions for: '/home/hussain/Coding/Github/assignment-1-HUSSAIN1711/actions-runner'
[2024-11-16 23:57:21Z INFO CommandLineParser] Parse
[2024-11-16 23:57:21Z INFO CommandLineParser] Parsing 1 args
[2024-11-16 23:57:21Z INFO CommandLineParser] parsing argument
[2024-11-16 23:57:21Z INFO CommandLineParser] HasArgs: False
[2024-11-16 23:57:21Z INFO CommandLineParser] Adding Command: run
[2024-11-16 23:57:21Z INFO Listener] Arguments parsed
[2024-11-16 23:57:21Z INFO Runner] ExecuteCommand
[2024-11-16 23:57:21Z INFO ConfigurationStore] currentAssemblyLocation: /home/hussain/Coding/Github/assignment-1-HUSSAIN1711/actions-runner/bin/Runner.Listener.dll
[2024-11-16 23:57:21Z INFO HostContext] Well known directory 'Bin': '/home/hussain/Coding/Github/assignment-1-HUSSAIN1711/actions-runner/bin'
[2024-11-16 23:57:21Z INFO ConfigurationStore] binPath: /home/hussain/Coding/Github/assignment-1-HUSSAIN1711/actions-runner/bin
[2024-11-16 23:57:21Z INFO HostContext] Well known directory 'Bin': '/home/hussain/Coding/Github/assignment-1-HUSSAIN1711/actions-runner/bin'
[2024-11-16 23:57:21Z INFO HostContext] Well known directory 'Root': '/home/hussain/Coding/Github/assignment-1-HUSSAIN1711/actions-runner'
[2024-11-16 23:57:21Z INFO ConfigurationStore] RootFolder: /home/hussain/Coding/Github/assignment-1-HUSSAIN1711/actions-runner
[2024-11-16 23:57:21Z INFO HostContext] Well known directory 'Bin': '/home/hussain/Coding/Github/assignment-1-HUSSAIN1711/actions-runner/bin'
[2024-11-16 23:57:21Z INFO HostContext] Well known directory 'Root': '/home/hussain/Coding/Github/assignment-1-HUSSAIN1711/actions-runner'
[2024-11-16 23:57:21Z INFO HostContext] Well known config file 'Runner': '/home/hussain/Coding/Github/assignment-1-HUSSAIN1711/actions-runner/.runner'
[2024-11-16 23:57:21Z INFO ConfigurationStore] ConfigFilePath: /home/hussain/Coding/Github/assignment-1-HUSSAIN1711/actions-runner/.runner
[2024-11-16 23:57:21Z INFO HostContext] Well known directory 'Bin': '/home/hussain/Coding/Github/assignment-1-HUSSAIN1711/actions-runner/bin'
[2024-11-16 23:57:21Z INFO HostContext] Well known directory 'Root': '/home/hussain/Coding/Github/assignment-1-HUSSAIN1711/actions-runner'
[2024-11-16 23:57:21Z INFO HostContext] Well known config file 'Credentials': '/home/hussain/Coding/Github/assignment-1-HUSSAIN1711/actions-runner/.credentials'
[2024-11-16 23:57:21Z INFO ConfigurationStore] CredFilePath: /home/hussain/Coding/Github/assignment-1-HUSSAIN1711/actions-runner/.credentials
[2024-11-16 23:57:21Z INFO HostContext] Well known directory 'Bin': '/home/hussain/Coding/Github/assignment-1-HUSSAIN1711/actions-runner/bin'
[2024-11-16 23:57:21Z INFO HostContext] Well known directory 'Root': '/home/hussain/Coding/Github/assignment-1-HUSSAIN1711/actions-runner'
[2024-11-16 23:57:21Z INFO HostContext] Well known config file 'MigratedCredentials': '/home/hussain/Coding/Github/assignment-1-HUSSAIN1711/actions-runner/.credentials_migrated'
[2024-11-16 23:57:21Z INFO ConfigurationStore] MigratedCredFilePath: /home/hussain/Coding/Github/assignment-1-HUSSAIN1711/actions-runner/.credentials_migrated
[2024-11-16 23:57:21Z INFO HostContext] Well known directory 'Bin': '/home/hussain/Coding/Github/assignment-1-HUSSAIN1711/actions-runner/bin'
[2024-11-16 23:57:21Z INFO HostContext] Well known directory 'Root': '/home/hussain/Coding/Github/assignment-1-HUSSAIN1711/actions-runner'
[2024-11-16 23:57:21Z INFO HostContext] Well known config file 'Service': '/home/hussain/Coding/Github/assignment-1-HUSSAIN1711/actions-runner/.service'
[2024-11-16 23:57:21Z INFO ConfigurationStore] ServiceConfigFilePath: /home/hussain/Coding/Github/assignment-1-HUSSAIN1711/actions-runner/.service
[2024-11-16 23:57:21Z INFO CommandSettings] Flag 'help': 'False'
[2024-11-16 23:57:21Z INFO CommandSettings] Flag 'version': 'False'
[2024-11-16 23:57:21Z INFO CommandSettings] Flag 'commit': 'False'
[2024-11-16 23:57:21Z INFO CommandSettings] Flag 'check': 'False'
[2024-11-16 23:57:21Z INFO CommandSettings] Command 'configure': 'False'
[2024-11-16 23:57:21Z INFO CommandSettings] Command 'remove': 'False'
[2024-11-16 23:57:21Z INFO CommandSettings] Command 'warmup': 'False'
[2024-11-16 23:57:21Z INFO ConfigurationManager] LoadSettings
[2024-11-16 23:57:21Z INFO ConfigurationStore] IsConfigured()
[2024-11-16 23:57:21Z INFO ConfigurationStore] IsConfigured: True
[2024-11-16 23:57:21Z INFO ConfigurationManager] Is configured: True
[2024-11-16 23:57:21Z INFO ConfigurationStore] Read setting file: 320 chars
[2024-11-16 23:57:21Z INFO ConfigurationManager] Settings Loaded
[2024-11-16 23:57:21Z INFO ConfigurationStore] IsServiceConfigured()
[2024-11-16 23:57:21Z INFO ConfigurationStore] IsServiceConfigured: False
[2024-11-16 23:57:21Z INFO CommandSettings] Command 'run': 'True'
[2024-11-16 23:57:21Z INFO ConfigurationStore] IsConfigured()
[2024-11-16 23:57:21Z INFO ConfigurationStore] IsConfigured: True
[2024-11-16 23:57:21Z INFO ConfigurationManager] Is configured: True
[2024-11-16 23:57:21Z INFO Runner] Could not parse the argument value '' for StartupType. Defaulting to Manual
[2024-11-16 23:57:21Z INFO Runner] Set runner startup type - Manual
[2024-11-16 23:57:21Z INFO CommandSettings] Flag 'once': 'False'
[2024-11-16 23:57:21Z INFO CommandSettings] Flag 'once': 'False'
[2024-11-16 23:57:21Z INFO Runner] RunAsync
[2024-11-16 23:57:21Z INFO ConfigurationManager] LoadSettings
[2024-11-16 23:57:21Z INFO ConfigurationStore] IsConfigured()
[2024-11-16 23:57:21Z INFO ConfigurationStore] IsConfigured: True
[2024-11-16 23:57:21Z INFO ConfigurationManager] Is configured: True
[2024-11-16 23:57:21Z INFO ConfigurationManager] Settings Loaded
[2024-11-16 23:57:21Z INFO MessageListener] {
  "AgentId": 2,
  "AgentName": "hussi-HP-Pavilion",
  "PoolId": 1,
  "PoolName": "Default",
  "ServerUrl": "https://pipelinesghubeus8.actions.githubusercontent.com/BihRGKy29uf8eA923EORxG52JMlYrOEc9HEUJZlP3YlcM3g09g/",
  "GitHubUrl": "https://github.com/cu-ecen-aeld/assignment-2-HUSSAIN1711",
  "WorkFolder": "_work"
}
[2024-11-16 23:57:21Z INFO MessageListener] Loading Credentials
[2024-11-16 23:57:21Z INFO ConfigurationStore] HasCredentials()
[2024-11-16 23:57:21Z INFO ConfigurationStore] stored True
[2024-11-16 23:57:21Z INFO CredentialManager] GetCredentialProvider
[2024-11-16 23:57:21Z INFO CredentialManager] Creating type OAuth
[2024-11-16 23:57:21Z INFO CredentialManager] Creating credential type: OAuth
[2024-11-16 23:57:21Z INFO HostContext] Well known directory 'Bin': '/home/hussain/Coding/Github/assignment-1-HUSSAIN1711/actions-runner/bin'
[2024-11-16 23:57:21Z INFO HostContext] Well known directory 'Root': '/home/hussain/Coding/Github/assignment-1-HUSSAIN1711/actions-runner'
[2024-11-16 23:57:21Z INFO HostContext] Well known config file 'RSACredentials': '/home/hussain/Coding/Github/assignment-1-HUSSAIN1711/actions-runner/.credentials_rsaparams'
[2024-11-16 23:57:21Z INFO RSAFileKeyManager] Loading RSA key parameters from file /home/hussain/Coding/Github/assignment-1-HUSSAIN1711/actions-runner/.credentials_rsaparams
[2024-11-16 23:57:21Z INFO MessageListener] Attempt to create session.
[2024-11-16 23:57:21Z INFO MessageListener] Connecting to the Runner Server...
[2024-11-16 23:57:21Z INFO RunnerServer] EstablishVssConnection
[2024-11-16 23:57:21Z INFO RunnerServer] Establish connection with 100 seconds timeout.
[2024-11-16 23:57:21Z INFO GitHubActionsService] Starting operation Location.GetConnectionData
[2024-11-16 23:57:21Z INFO RunnerServer] EstablishVssConnection
[2024-11-16 23:57:21Z INFO RunnerServer] Establish connection with 60 seconds timeout.
[2024-11-16 23:57:21Z INFO GitHubActionsService] Starting operation Location.GetConnectionData
[2024-11-16 23:57:21Z INFO RunnerServer] EstablishVssConnection
[2024-11-16 23:57:21Z INFO RunnerServer] Establish connection with 60 seconds timeout.
[2024-11-16 23:57:21Z INFO GitHubActionsService] Starting operation Location.GetConnectionData
[2024-11-16 23:57:22Z INFO GitHubActionsService] Finished operation Location.GetConnectionData
[2024-11-16 23:57:22Z INFO GitHubActionsService] Finished operation Location.GetConnectionData
[2024-11-16 23:57:23Z INFO GitHubActionsService] Finished operation Location.GetConnectionData
[2024-11-16 23:57:23Z INFO MessageListener] VssConnection created
[2024-11-16 23:57:23Z INFO Terminal] WRITE LINE: 
[2024-11-16 23:57:23Z INFO Terminal] WRITE LINE: 
[2024-11-16 23:57:23Z INFO RSAFileKeyManager] Loading RSA key parameters from file /home/hussain/Coding/Github/assignment-1-HUSSAIN1711/actions-runner/.credentials_rsaparams
[2024-11-16 23:57:23Z INFO RSAFileKeyManager] Loading RSA key parameters from file /home/hussain/Coding/Github/assignment-1-HUSSAIN1711/actions-runner/.credentials_rsaparams
[2024-11-16 23:57:24Z INFO GitHubActionsService] AAD Correlation ID for this token request: Unknown
[2024-11-16 23:57:24Z INFO MessageListener] Session created.
[2024-11-16 23:57:24Z INFO Terminal] WRITE LINE: Current runner version: '2.320.0'
[2024-11-16 23:57:24Z INFO Terminal] WRITE LINE: 2024-11-16 23:57:24Z: Listening for Jobs
[2024-11-16 23:57:24Z INFO JobDispatcher] Set runner/worker IPC timeout to 30 seconds.
[2024-11-16 23:57:24Z INFO MessageListener] BrokerMigration message received. Polling Broker for messages...
[2024-11-16 23:57:24Z INFO RSAFileKeyManager] Loading RSA key parameters from file /home/hussain/Coding/Github/assignment-1-HUSSAIN1711/actions-runner/.credentials_rsaparams
[2024-11-16 23:57:25Z INFO GitHubActionsService] AAD Correlation ID for this token request: Unknown
[2024-11-16 23:57:27Z INFO MessageListener] Message '3793019413519380993' received from session '48e7a448-9dfb-493c-a8af-e4ca62f55836'.
[2024-11-16 23:57:27Z INFO ConfigurationStore] HasCredentials()
[2024-11-16 23:57:27Z INFO ConfigurationStore] stored True
[2024-11-16 23:57:27Z INFO CredentialManager] GetCredentialProvider
[2024-11-16 23:57:27Z INFO CredentialManager] Creating type OAuth
[2024-11-16 23:57:27Z INFO CredentialManager] Creating credential type: OAuth
[2024-11-16 23:57:27Z INFO RSAFileKeyManager] Loading RSA key parameters from file /home/hussain/Coding/Github/assignment-1-HUSSAIN1711/actions-runner/.credentials_rsaparams
[2024-11-16 23:57:27Z INFO ActionsRunServer] EstablishVssConnection
[2024-11-16 23:57:27Z INFO ActionsRunServer] Establish connection with 100 seconds timeout.
[2024-11-16 23:57:27Z INFO GitHubActionsService] Starting operation Location.GetConnectionData
[2024-11-16 23:57:27Z INFO GitHubActionsService] Finished operation Location.GetConnectionData
[2024-11-16 23:57:27Z INFO RSAFileKeyManager] Loading RSA key parameters from file /home/hussain/Coding/Github/assignment-1-HUSSAIN1711/actions-runner/.credentials_rsaparams
[2024-11-16 23:57:27Z INFO RSAFileKeyManager] Loading RSA key parameters from file /home/hussain/Coding/Github/assignment-1-HUSSAIN1711/actions-runner/.credentials_rsaparams
[2024-11-16 23:57:28Z INFO GitHubActionsService] AAD Correlation ID for this token request: Unknown
[2024-11-16 23:57:29Z INFO JobDispatcher] Job request 1 for plan 28cd4ae1-ce23-42e6-9a6d-545af3f16ca1 job 0e10f8dd-85b5-5bee-19c6-47fc7db6f171 received.
[2024-11-16 23:57:29Z INFO JobDispatcher] Pull OrchestrationId 28cd4ae1-ce23-42e6-9a6d-545af3f16ca1.unit-test.__default from JWT claims
[2024-11-16 23:57:29Z INFO MessageListener] Received job status event. JobState: Busy
[2024-11-16 23:57:29Z INFO MessageListener] _getMessagesTokenSource is already disposed.
[2024-11-16 23:57:29Z INFO Terminal] WRITE LINE: 2024-11-16 23:57:29Z: Running job: unit-test
[2024-11-16 23:57:29Z INFO JobDispatcher] Start renew job request 1 for job 0e10f8dd-85b5-5bee-19c6-47fc7db6f171.
[2024-11-16 23:57:29Z INFO JobDispatcher] Successfully renew job request 1, job is valid till 11/17/2024 12:07:29 AM
[2024-11-16 23:57:29Z INFO HostContext] Well known directory 'Bin': '/home/hussain/Coding/Github/assignment-1-HUSSAIN1711/actions-runner/bin'
[2024-11-16 23:57:29Z INFO ProcessInvokerWrapper] Starting process:
[2024-11-16 23:57:29Z INFO ProcessInvokerWrapper]   File name: '/home/hussain/Coding/Github/assignment-1-HUSSAIN1711/actions-runner/bin/Runner.Worker'
[2024-11-16 23:57:29Z INFO ProcessInvokerWrapper]   Arguments: 'spawnclient 110 113'
[2024-11-16 23:57:29Z INFO ProcessInvokerWrapper]   Working directory: '/home/hussain/Coding/Github/assignment-1-HUSSAIN1711/actions-runner/bin'
[2024-11-16 23:57:29Z INFO ProcessInvokerWrapper]   Require exit code zero: 'False'
[2024-11-16 23:57:29Z INFO ProcessInvokerWrapper]   Encoding web name:  ; code page: ''
[2024-11-16 23:57:29Z INFO ProcessInvokerWrapper]   Force kill process on cancellation: 'True'
[2024-11-16 23:57:29Z INFO ProcessInvokerWrapper]   Redirected STDIN: 'False'
[2024-11-16 23:57:29Z INFO ProcessInvokerWrapper]   Persist current code page: 'False'
[2024-11-16 23:57:29Z INFO ProcessInvokerWrapper]   Keep redirected STDIN open: 'False'
[2024-11-16 23:57:29Z INFO ProcessInvokerWrapper]   High priority process: 'True'
[2024-11-16 23:57:29Z INFO ProcessInvokerWrapper] Process started with process id 6191, waiting for process exit.
[2024-11-16 23:57:29Z INFO JobDispatcher] Send job request message to worker for job 0e10f8dd-85b5-5bee-19c6-47fc7db6f171.
[2024-11-16 23:57:29Z INFO ProcessChannel] Sending message of length 40307, with hash 'bd6ca0d5393b5a547721e047d038ac96f0395e1d6a5993eb292e0bb517ef9718'
[2024-11-16 23:57:29Z INFO JobNotification] Entering JobStarted Notification
[2024-11-16 23:57:29Z INFO JobNotification] Entering StartMonitor
[2024-11-16 23:57:30Z INFO MessageListener] BrokerMigration message received. Polling Broker for messages...
[2024-11-16 23:57:59Z INFO Terminal] WRITE LINE: Exiting...
[2024-11-16 23:57:59Z INFO ConfigurationStore] IsServiceConfigured()
[2024-11-16 23:57:59Z INFO ConfigurationStore] IsServiceConfigured: False
[2024-11-16 23:57:59Z INFO HostContext] Runner will be shutdown for UserCancelled
[2024-11-16 23:57:59Z WARN GitHubActionsService] GET request to https://broker.actions.githubusercontent.com/message?sessionId=48e7a448-9dfb-493c-a8af-e4ca62f55836&status=Busy&runnerVersion=2.320.0&os=Linux&architecture=X64&disableUpdate=false has been cancelled.
[2024-11-16 23:57:59Z ERR  BrokerServer] Catch exception during request
[2024-11-16 23:57:59Z ERR  BrokerServer] System.Threading.Tasks.TaskCanceledException: The operation was canceled.
 ---> System.IO.IOException: Unable to read data from the transport connection: Operation canceled.
 ---> System.Net.Sockets.SocketException (125): Operation canceled
   --- End of inner exception stack trace ---
   at System.Net.Sockets.Socket.AwaitableSocketAsyncEventArgs.ThrowException(SocketError error, CancellationToken cancellationToken)
   at System.Net.Sockets.Socket.AwaitableSocketAsyncEventArgs.System.Threading.Tasks.Sources.IValueTaskSource<System.Int32>.GetResult(Int16 token)
   at System.Net.Security.SslStream.EnsureFullTlsFrameAsync[TIOAdapter](TIOAdapter adapter)
   at System.Net.Security.SslStream.ReadAsyncInternal[TIOAdapter](TIOAdapter adapter, Memory`1 buffer)
   at System.Net.Http.HttpConnection.SendAsyncCore(HttpRequestMessage request, Boolean async, CancellationToken cancellationToken)
   --- End of inner exception stack trace ---
   at System.Net.Http.HttpClient.HandleFailure(Exception e, Boolean telemetryStarted, HttpResponseMessage response, CancellationTokenSource cts, CancellationToken cancellationToken, CancellationTokenSource pendingRequestsCts)
   at System.Net.Http.HttpClient.<SendAsync>g__Core|83_0(HttpRequestMessage request, HttpCompletionOption completionOption, CancellationTokenSource cts, Boolean disposeCts, CancellationTokenSource pendingRequestsCts, CancellationToken originalCancellationToken)
   at Sdk.WebApi.WebApi.RawHttpClientBase.SendAsync(HttpRequestMessage message, HttpCompletionOption completionOption, Object userState, CancellationToken cancellationToken)
   at Sdk.WebApi.WebApi.RawHttpClientBase.SendAsync[T](HttpRequestMessage message, Boolean readErrorBody, Object userState, CancellationToken cancellationToken)
   at Sdk.WebApi.WebApi.RawHttpClientBase.SendAsync[T](HttpMethod method, IEnumerable`1 additionalHeaders, Uri requestUri, HttpContent content, IEnumerable`1 queryParameters, Boolean readErrorBody, Object userState, CancellationToken cancellationToken)
   at GitHub.Actions.RunService.WebApi.BrokerHttpClient.GetRunnerMessageAsync(Nullable`1 sessionId, String runnerVersion, Nullable`1 status, String os, String architecture, Nullable`1 disableUpdate, CancellationToken cancellationToken)
   at GitHub.Runner.Common.BrokerServer.<>c__DisplayClass7_0.<<GetRunnerMessageAsync>b__0>d.MoveNext()
--- End of stack trace from previous location ---
   at GitHub.Runner.Common.RunnerService.RetryRequest[T](Func`1 func, CancellationToken cancellationToken, Int32 maxRetryAttemptsCount, Func`2 shouldRetry)
[2024-11-16 23:57:59Z ERR  BrokerServer] #####################################################
[2024-11-16 23:57:59Z ERR  BrokerServer] System.IO.IOException: Unable to read data from the transport connection: Operation canceled.
 ---> System.Net.Sockets.SocketException (125): Operation canceled
   --- End of inner exception stack trace ---
   at System.Net.Sockets.Socket.AwaitableSocketAsyncEventArgs.ThrowException(SocketError error, CancellationToken cancellationToken)
   at System.Net.Sockets.Socket.AwaitableSocketAsyncEventArgs.System.Threading.Tasks.Sources.IValueTaskSource<System.Int32>.GetResult(Int16 token)
   at System.Net.Security.SslStream.EnsureFullTlsFrameAsync[TIOAdapter](TIOAdapter adapter)
   at System.Net.Security.SslStream.ReadAsyncInternal[TIOAdapter](TIOAdapter adapter, Memory`1 buffer)
   at System.Net.Http.HttpConnection.SendAsyncCore(HttpRequestMessage request, Boolean async, CancellationToken cancellationToken)
[2024-11-16 23:57:59Z ERR  BrokerServer] #####################################################
[2024-11-16 23:57:59Z ERR  BrokerServer] System.Net.Sockets.SocketException (125): Operation canceled
[2024-11-16 23:57:59Z WARN BrokerServer] Back off 5.38 seconds before next retry. 4 attempt left.
[2024-11-16 23:57:59Z INFO MessageListener] Get next message has been cancelled.
[2024-11-16 23:57:59Z INFO JobDispatcher] Shutting down JobDispatcher. Make sure all WorkerDispatcher has finished.
[2024-11-16 23:57:59Z INFO JobDispatcher] Ensure WorkerDispatcher for job 0e10f8dd-85b5-5bee-19c6-47fc7db6f171 run to finish, cancel any running job.
[2024-11-16 23:57:59Z INFO JobDispatcher] Send job cancellation message to worker for job 0e10f8dd-85b5-5bee-19c6-47fc7db6f171.
[2024-11-16 23:57:59Z INFO ProcessChannel] Sending message of length 0, with hash 'e3b0c44298fc1c149afbf4c8996fb92427ae41e4649b934ca495991b7852b855'
[2024-11-16 23:58:03Z INFO ProcessInvokerWrapper] STDOUT/STDERR stream read finished.
[2024-11-16 23:58:03Z INFO ProcessInvokerWrapper] STDOUT/STDERR stream read finished.
[2024-11-16 23:58:03Z INFO ProcessInvokerWrapper] Finished process 6191 with exit code 102, and elapsed time 00:00:34.4946875.
[2024-11-16 23:58:03Z INFO JobDispatcher] finish job request for job 0e10f8dd-85b5-5bee-19c6-47fc7db6f171 with result: Canceled
[2024-11-16 23:58:03Z INFO Terminal] WRITE LINE: 2024-11-16 23:58:03Z: Job unit-test completed with result: Canceled
[2024-11-16 23:58:03Z INFO JobDispatcher] Stop renew job request for job 0e10f8dd-85b5-5bee-19c6-47fc7db6f171.
[2024-11-16 23:58:03Z INFO JobDispatcher] job renew has been cancelled, stop renew job request 1.
[2024-11-16 23:58:03Z INFO JobNotification] Entering JobCompleted Notification
[2024-11-16 23:58:03Z INFO JobNotification] Entering EndMonitor
[2024-11-16 23:58:03Z INFO Runner] Deleting Runner Session...
[2024-11-16 23:58:04Z INFO Listener] Runner execution been cancelled.
